This is pdfTeX, Version 3.1415926-2.5-1.40.14 (TeX Live 2013) (format=pdflatex 2013.5.30)  18 APR 2016 21:20
entering extended mode
 restricted \write18 enabled.
 file:line:error style messages enabled.
 %&-line parsing enabled.
**cdtBusiness.sty
(./cdtBusiness.sty
LaTeX2e <2011/06/27>
Babel <3.9f> and hyphenation patterns for 78 languages loaded.

LaTeX Warning: You have requested package `',
               but the package provides `cdtBusiness'.

Package: cdtBusiness 2013/06/20, v1.0 CDT-ESCOM-IPN Paquete para escribir Model
os de procesos con base en Business Motivation Model de la OMG.

! LaTeX Error: File `cdt/cdtAnalisis.sty' not found.

Type X to quit or <RETURN> to proceed,
or enter new name. (Default extension: sty)

Enter file name: 
./cdtBusiness.sty:12: Emergency stop.
<read *> 
         
l.12 ^^M
        
*** (cannot \read from terminal in nonstop modes)

 
Here is how much of TeX's memory you used:
 13 strings out of 493315
 376 string characters out of 6137904
 52158 words of memory out of 5000000
 3561 multiletter control sequences out of 15000+600000
 3640 words of font info for 14 fonts, out of 8000000 for 9000
 957 hyphenation exceptions out of 8191
 10i,0n,7p,176b,10s stack positions out of 5000i,500n,10000p,200000b,80000s
./cdtBusiness.sty:12:  ==> Fatal error occurred, no output PDF file produced!
