\BOOKMARK [0][-]{chapter.1}{Introducci\363n}{}% 1
\BOOKMARK [0][-]{chapter.2}{Marco Te\363rico}{}% 2
\BOOKMARK [1][-]{section.2.1}{Definici\363n de conceptos}{chapter.2}% 3
\BOOKMARK [2][-]{subsection.2.1.1}{Comunicaci\363n}{section.2.1}% 4
\BOOKMARK [2][-]{subsection.2.1.2}{TIC}{section.2.1}% 5
\BOOKMARK [2][-]{subsection.2.1.3}{Estilo de vida}{section.2.1}% 6
\BOOKMARK [2][-]{subsection.2.1.4}{Smartphone \(Tel\351fono Inteligente\)}{section.2.1}% 7
\BOOKMARK [2][-]{subsection.2.1.5}{Aplicaciones M\363viles}{section.2.1}% 8
\BOOKMARK [2][-]{subsection.2.1.6}{La comunicaci\363n en conjunto con los dispositivos m\363viles}{section.2.1}% 9
\BOOKMARK [2][-]{subsection.2.1.7}{Comportamiento de los usuarios de Smartphones}{section.2.1}% 10
\BOOKMARK [1][-]{section.2.2}{Entorno de Desarrollo}{chapter.2}% 11
\BOOKMARK [2][-]{subsection.2.2.1}{Ventajas de usar iOS}{section.2.2}% 12
\BOOKMARK [2][-]{subsection.2.2.2}{Sistema operativo iOS}{section.2.2}% 13
\BOOKMARK [2][-]{subsection.2.2.3}{Caracter\355sticas}{section.2.2}% 14
\BOOKMARK [0][-]{chapter.3}{Planteamiento del Problema}{}% 15
\BOOKMARK [1][-]{section.3.1}{Problem\341ticas Identificadas}{chapter.3}% 16
\BOOKMARK [2][-]{subsection.3.1.1}{Propuesta de Soluci\363n}{section.3.1}% 17
\BOOKMARK [0][-]{chapter.4}{Alcance del Proyecto}{}% 18
\BOOKMARK [1][-]{section.4.1}{Objetivo General}{chapter.4}% 19
\BOOKMARK [1][-]{section.4.2}{Objetivos Particulares}{chapter.4}% 20
\BOOKMARK [1][-]{section.4.3}{Requerimientos}{chapter.4}% 21
\BOOKMARK [2][-]{subsection.4.3.1}{Requerimientos funcionales}{section.4.3}% 22
\BOOKMARK [2][-]{subsection.4.3.2}{Requerimientos no funcionales}{section.4.3}% 23
\BOOKMARK [0][-]{chapter.5}{Trabajo realizado}{}% 24
\BOOKMARK [1][-]{section.5.1}{M\363dulos del sistema}{chapter.5}% 25
\BOOKMARK [1][-]{section.5.2}{Actores del sistema}{chapter.5}% 26
\BOOKMARK [2][-]{subsection.5.2.1}{Alumno}{section.5.2}% 27
\BOOKMARK [2][-]{subsection.5.2.2}{Visitante}{section.5.2}% 28
\BOOKMARK [1][-]{section.5.3}{Casos de Uso del m\363dulo de Salones}{chapter.5}% 29
\BOOKMARK [1][-]{section.5.4}{Casos de Uso del m\363dulo de Profesores}{chapter.5}% 30
\BOOKMARK [0][-]{chapter.6}{Resultados}{}% 31
\BOOKMARK [1][-]{section.6.1}{Resultados}{chapter.6}% 32
\BOOKMARK [2][-]{subsection.6.1.1}{M\363dulo de Salones}{section.6.1}% 33
\BOOKMARK [2][-]{subsection.6.1.2}{M\363dulo de Profesores}{section.6.1}% 34
\BOOKMARK [1][-]{section.6.2}{Trabajo a Futuro}{chapter.6}% 35
\BOOKMARK [1][-]{section.6.3}{Conclusiones}{chapter.6}% 36
\BOOKMARK [0][-]{chapter.7}{Anexos}{}% 37
\BOOKMARK [1][-]{section.7.1}{Casos de Uso}{chapter.7}% 38
\BOOKMARK [2][-]{subsection.7.1.1}{Modelo de comportamiento del m\363dulo: Consulta de Salones }{section.7.1}% 39
\BOOKMARK [1][-]{section.7.2}{CU-01 Consultar Edificio}{chapter.7}% 40
\BOOKMARK [2][-]{subsection.7.2.1}{Resumen}{section.7.2}% 41
\BOOKMARK [2][-]{subsection.7.2.2}{Descripci\363n}{section.7.2}% 42
\BOOKMARK [2][-]{subsection.7.2.3}{Trayectorias del caso de uso}{section.7.2}% 43
\BOOKMARK [1][-]{section.7.3}{CU-02 Consultar Nivel}{chapter.7}% 44
\BOOKMARK [2][-]{subsection.7.3.1}{Resumen}{section.7.3}% 45
\BOOKMARK [2][-]{subsection.7.3.2}{Descripci\363n}{section.7.3}% 46
\BOOKMARK [2][-]{subsection.7.3.3}{Trayectorias del caso de uso}{section.7.3}% 47
\BOOKMARK [1][-]{section.7.4}{CU-03 Consultar Sal\363n}{chapter.7}% 48
\BOOKMARK [2][-]{subsection.7.4.1}{Resumen}{section.7.4}% 49
\BOOKMARK [2][-]{subsection.7.4.2}{Descripci\363n}{section.7.4}% 50
\BOOKMARK [2][-]{subsection.7.4.3}{Trayectorias del caso de uso}{section.7.4}% 51
\BOOKMARK [2][-]{subsection.7.4.4}{Modelo de comportamiento del m\363dulo: Consultar Profesores }{section.7.4}% 52
\BOOKMARK [1][-]{section.7.5}{CU-04 Consultar Profesor}{chapter.7}% 53
\BOOKMARK [2][-]{subsection.7.5.1}{Resumen}{section.7.5}% 54
\BOOKMARK [2][-]{subsection.7.5.2}{Descripci\363n}{section.7.5}% 55
\BOOKMARK [2][-]{subsection.7.5.3}{Trayectorias del caso de uso}{section.7.5}% 56
\BOOKMARK [2][-]{subsection.7.5.4}{Puntos de extensi\363n}{section.7.5}% 57
\BOOKMARK [1][-]{section.7.6}{CU-05 Consultar Detalle de Profesor}{chapter.7}% 58
\BOOKMARK [2][-]{subsection.7.6.1}{Resumen}{section.7.6}% 59
\BOOKMARK [2][-]{subsection.7.6.2}{Descripci\363n}{section.7.6}% 60
\BOOKMARK [2][-]{subsection.7.6.3}{Trayectorias del caso de uso}{section.7.6}% 61
\BOOKMARK [1][-]{section.7.7}{Estudio de Factibilidad}{chapter.7}% 62
\BOOKMARK [2][-]{subsection.7.7.1}{Econ\363mica}{section.7.7}% 63
\BOOKMARK [2][-]{subsection.7.7.2}{Tecnol\363gica}{section.7.7}% 64
\BOOKMARK [2][-]{subsection.7.7.3}{Operativa}{section.7.7}% 65
